Flutter crash report.
Please report a bug at https://github.com/flutter/flutter/issues.

## command

flutter run

## exception

PathAccessException: PathAccessException: Deletion failed, path = 'C:\Users\user\AppData\Local\Temp\flutter_tools.d9864006\flutter_tool.2940e95f' (OS Error: The process cannot access the file because it is being used by another process.
, errno = 32)

```
#0      _Directory._deleteSync (dart:io/directory_impl.dart:188:7)
#1      FileSystemEntity.deleteSync (dart:io/file_system_entity.dart:407:7)
#2      ForwardingFileSystemEntity.deleteSync (package:file/src/forwarding/forwarding_file_system_entity.dart:70:16)
#3      ResidentRunner.preExit (package:flutter_tools/src/resident_runner.dart:1496:25)
#4      HotRunner.preExit (package:flutter_tools/src/run_hot.dart:1253:17)
<asynchronous suspension>
#5      ResidentRunner.exit (package:flutter_tools/src/resident_runner.dart:1311:5)
<asynchronous suspension>
#6      TerminalHandler._commonTerminalInputHandler (package:flutter_tools/src/resident_runner.dart:1782:9)
<asynchronous suspension>
#7      TerminalHandler.processTerminalInput (package:flutter_tools/src/resident_runner.dart:1841:7)
<asynchronous suspension>
```

## flutter doctor

```
[32m[✓][39m Flutter (Channel stable, 3.22.2, on Microsoft Windows
    [Version 10.0.19044.2604], locale en-GB)
    [32m•[39m Flutter version 3.22.2 on channel stable at
      C:\flutter
    [32m•[39m Upstream repository
      https://github.com/flutter/flutter.git
    [32m•[39m Framework revision 761747bfc5 (3 months ago),
      2024-06-05 22:15:13 +0200
    [32m•[39m Engine revision edd8546116
    [32m•[39m Dart version 3.4.3
    [32m•[39m DevTools version 2.34.3

[31m[☠][39m Windows Version (the doctor check crashed)
    [31m✗[39m Due to an error, the doctor check did not complete.
      If the error message below is not helpful, please
      let us know about this issue at
      https://github.com/flutter/flutter/issues.
    [31m✗[39m ProcessException: Failed to find "powershell" in
      the search path.
        Command: powershell 
    [32m•[39m #0      LocalProcessManager.run
      (package:process/src/interface/local_process_manage
      r.dart:87:7)
      #1      ErrorHandlingProcessManager.run.<anonymous
      closure>
      (package:flutter_tools/src/base/error_handling_io.d
      art:661:24)
      #2      _run
      (package:flutter_tools/src/base/error_handling_io.d
      art:556:20)
      #3      ErrorHandlingProcessManager.run
      (package:flutter_tools/src/base/error_handling_io.d
      art:660:12)
      #4      ProcessLister.getProcessesWithPath
      (package:flutter_tools/src/windows/windows_version_
      validator.dart:111:27)
      #5      WindowsVersionValidator._topazScan
      (package:flutter_tools/src/windows/windows_version_
      validator.dart:40:69)
      #6      WindowsVersionValidator.validate
      (package:flutter_tools/src/windows/windows_version_
      validator.dart:81:15)
      #7      Doctor.startValidatorTasks.<anonymous
      closure>
      (package:flutter_tools/src/doctor.dart:273:72)
      #8      asyncGuard.<anonymous closure>
      (package:flutter_tools/src/base/async_guard.dart:11
      1:32)
      #9      _rootRun (dart:async/zone.dart:1399:13)
      #10     _CustomZone.run
      (dart:async/zone.dart:1301:19)
      #11     _runZoned (dart:async/zone.dart:1826:10)
      #12     runZonedGuarded
      (dart:async/zone.dart:1814:12)
      #13     runZoned (dart:async/zone.dart:1760:12)
      #14     asyncGuard
      (package:flutter_tools/src/base/async_guard.dart:10
      9:3)
      #15     Doctor.startValidatorTasks
      (package:flutter_tools/src/doctor.dart:265:9)
      #16     DoctorText._validatorTasks
      (package:flutter_tools/src/doctor.dart:794:60)
      #17     DoctorText._validatorTasks
      (package:flutter_tools/src/doctor.dart)
      #18     DoctorText._runDiagnosis
      (package:flutter_tools/src/doctor.dart:798:53)
      #19     DoctorText.text
      (package:flutter_tools/src/doctor.dart:790:36)
      #20     DoctorText.text
      (package:flutter_tools/src/doctor.dart)
      #21     _createLocalCrashReport
      (package:flutter_tools/runner.dart:273:51)
      #22     _handleToolError
      (package:flutter_tools/runner.dart:235:31)
      <asynchronous suspension>
      #23     run.<anonymous closure>.<anonymous closure>
      (package:flutter_tools/runner.dart:153:7)
      <asynchronous suspension>


[33m[!][39m Android toolchain - develop for Android devices
    (Android SDK version 32.1.0-rc1)
    [32m•[39m Android SDK at
      C:\Users\user\AppData\Local\Android\sdk
    [31m✗[39m cmdline-tools component is missing
      Run `path/to/sdkmanager --install
      "cmdline-tools;latest"`
      See
      https://developer.android.com/studio/command-line
      for more details.
    [31m✗[39m Android license status unknown.
      Run `flutter doctor --android-licenses` to accept
      the SDK licenses.
      See
      https://flutter.dev/docs/get-started/install/window
      s#android-setup for more details.

[32m[✓][39m Chrome - develop for the web
    [32m•[39m Chrome at C:\Program
      Files\Google\Chrome\Application\chrome.exe

[32m[✓][39m Visual Studio - develop Windows apps (Visual Studio
    Community 2022 17.10.3)
    [32m•[39m Visual Studio at C:\Program Files\Microsoft Visual
      Studio\2022\Community
    [32m•[39m Visual Studio Community 2022 version
      17.10.35013.160
    [32m•[39m Windows 10 SDK version 10.0.22621.0

[33m[!][39m Android Studio (version 2021.1)
    [32m•[39m Android Studio at C:\Program Files\Android\Android
      Studio
    [32m•[39m Flutter plugin can be installed from:
      🔨
      https://plugins.jetbrains.com/plugin/9212-flutter
    [32m•[39m Dart plugin can be installed from:
      🔨 https://plugins.jetbrains.com/plugin/6351-dart
    [31m✗[39m Unable to determine bundled Java version.
    [32m•[39m Try updating or re-installing Android Studio.

[32m[✓][39m Android Studio (version 2024.1)
    [32m•[39m Android Studio at C:\Program Files\Android\Android
      Studio1
    [32m•[39m Flutter plugin can be installed from:
      🔨
      https://plugins.jetbrains.com/plugin/9212-flutter
    [32m•[39m Dart plugin can be installed from:
      🔨 https://plugins.jetbrains.com/plugin/6351-dart
    [32m•[39m Java version OpenJDK Runtime Environment (build
      17.0.11+0--11852314)

[32m[✓][39m VS Code (version 1.92.2)
    [32m•[39m VS Code at
      C:\Users\user\AppData\Local\Programs\Microsoft VS
      Code
    [32m•[39m Flutter extension version 3.96.0

[32m[✓][39m Connected device (4 available)
    [32m•[39m sdk gphone64 x86 64 (mobile) • emulator-5554 •
      android-x64    • Android 14 (API 34) (emulator)
    [32m•[39m Windows (desktop)            • windows       •
      windows-x64    • Microsoft Windows [Version
      10.0.19044.2604]
    [32m•[39m Chrome (web)                 • chrome        •
      web-javascript • Google Chrome 128.0.6613.119
    [32m•[39m Edge (web)                   • edge          •
      web-javascript • Microsoft Edge 127.0.2651.98

[32m[✓][39m Network resources
    [32m•[39m All expected network resources are available.

[33m![39m Doctor found issues in 3 categories.
```
